Determining if the include file stddef.h exists failed with the following output:
Change Dir: C:/Users/HMD/Desktop/ESP32C3/esp32_lvgl_st7789_cstxxxx-master/build/CMakeFiles/CMakeTmp

Run Build Command(s):F:/ESPIDF_TOOL/tools/ninja/1.10.2/ninja.exe cmTC_71cde && [1/2] Building C object CMakeFiles/cmTC_71cde.dir/CheckIncludeFile.c.obj
FAILED: CMakeFiles/cmTC_71cde.dir/CheckIncludeFile.c.obj 
F:\ESPIDF_TOOL\tools\riscv32-esp-elf\esp-12.2.0_20230208\riscv32-esp-elf\bin\riscv32-esp-elf-gcc.exe   -march=rv32imc_zicsr_zifencei -o CMakeFiles/cmTC_71cde.dir/CheckIncludeFile.c.obj -c C:/Users/HMD/Desktop/ESP32C3/esp32_lvgl_st7789_cstxxxx-master/build/CMakeFiles/CMakeTmp/CheckIncludeFile.c
Assembler messages:
Fatal error: can't create CMakeFiles/cmTC_71cde.dir/CheckIncludeFile.c.obj: No such file or directory
ninja: build stopped: subcommand failed.



Determining size of time_t failed with the following output:
Change Dir: C:/Users/HMD/Desktop/ESP32C3/esp32_lvgl_st7789_cstxxxx-master/build/CMakeFiles/CMakeTmp

Run Build Command(s):F:/ESPIDF_TOOL/tools/ninja/1.10.2/ninja.exe cmTC_08e15 && ninja: error: unknown target 'cmTC_08e15'


C:/Users/HMD/Desktop/ESP32C3/esp32_lvgl_st7789_cstxxxx-master/build/CMakeFiles/CheckTypeSize/TIME_T_SIZE.c:
#include <sys/types.h>
#include <stdint.h>


#undef KEY
#if defined(__i386)
# define KEY '_','_','i','3','8','6'
#elif defined(__x86_64)
# define KEY '_','_','x','8','6','_','6','4'
#elif defined(__PPC64__)
# define KEY '_','_','P','P','C','6','4','_','_'
#elif defined(__ppc64__)
# define KEY '_','_','p','p','c','6','4','_','_'
#elif defined(__PPC__)
# define KEY '_','_','P','P','C','_','_'
#elif defined(__ppc__)
# define KEY '_','_','p','p','c','_','_'
#elif defined(__aarch64__)
# define KEY '_','_','a','a','r','c','h','6','4','_','_'
#elif defined(__ARM_ARCH_7A__)
# define KEY '_','_','A','R','M','_','A','R','C','H','_','7','A','_','_'
#elif defined(__ARM_ARCH_7S__)
# define KEY '_','_','A','R','M','_','A','R','C','H','_','7','S','_','_'
#endif

#define SIZE (sizeof(time_t))
static char info_size[] =  {'I', 'N', 'F', 'O', ':', 's','i','z','e','[',
  ('0' + ((SIZE / 10000)%10)),
  ('0' + ((SIZE / 1000)%10)),
  ('0' + ((SIZE / 100)%10)),
  ('0' + ((SIZE / 10)%10)),
  ('0' +  (SIZE    % 10)),
  ']',
#ifdef KEY
  ' ','k','e','y','[', KEY, ']',
#endif
  '\0'};

#ifdef __CLASSIC_C__
int main(argc, argv) int argc; char *argv[];
#else
int main(int argc, char *argv[])
#endif
{
  int require = 0;
  require += info_size[argc];
  (void)argv;
  return require;
}


Detecting CXX compiler ABI info failed to compile with the following output:
Change Dir: C:/Users/HMD/Desktop/ESP32C3/esp32_lvgl_st7789_cstxxxx-master/build/CMakeFiles/CMakeTmp

Run Build Command(s):F:/ESPIDF_TOOL/tools/ninja/1.10.2/ninja.exe cmTC_048f2 && ninja: error: loading 'build.ninja': 系统找不到指定的文件。





